<?xml version="1.0" encoding="UTF-8"?>
<!-- Generated by org.testng.reporters.JUnitXMLReporter -->
<testsuite ignored="3" hostname="pop-os" failures="0" tests="2" name="test1" time="0.131" errors="0" timestamp="2021-08-29T13:36:00 EDT">
  <testcase classname="com.bit.test.SmokeTest" name="logout" time="0.017"/>
  <testcase classname="com.bit.test.UnitTest" name="buyAShirt" time="0.007"/>
  <testcase classname="com.bit.test.UnitTest" name="buyAPant" time="0.0">
    <ignored/>
  </testcase> <!-- buyAPant -->
  <testcase classname="com.bit.test.DBtest" name="f" time="0.0">
    <ignored/>
  </testcase> <!-- f -->
  <testcase classname="com.bit.test.RegressionTest" name="RegressionTestOn" time="0.0">
    <ignored/>
  </testcase> <!-- RegressionTestOn -->
</testsuite> <!-- test1 -->
